2025-04-17 15:57:40.676 | INFO     | __main__:<module>:25 - Début de la page Streamlit : Répartition géographique
2025-04-17 15:57:40.688 | DEBUG    | __main__:<module>:38 - Chemin des données StackOverflow : https://minio.lab.sspcloud.fr/amanseur/ensae-mise-en-prod-projet/data/StackOverflowSurvey.csv
2025-04-17 15:57:40.688 | DEBUG    | __main__:<module>:39 - Chemin des données pays/langue : https://minio.lab.sspcloud.fr/amanseur/ensae-mise-en-prod-projet/data/CountryLanguageStats.xls
2025-04-17 15:57:40.689 | DEBUG    | __main__:<module>:40 - URL des codes ISO : https://www.iban.com/country-codes
2025-04-17 15:57:41.133 | SUCCESS  | __main__:<module>:66 - Données StackOverflow chargées avec succès.
2025-04-17 15:57:41.323 | INFO     | __main__:<module>:76 - Ajout des codes ISO réussi.
2025-04-17 15:57:41.344 | INFO     | __main__:<module>:91 - Tableau de base pour les cartes généré.
2025-04-17 15:57:41.651 | INFO     | __main__:<module>:123 - Ajout des informations de continent effectué.
2025-04-17 15:57:41.660 | INFO     | __main__:<module>:137 - Tableau des continents généré.
2025-04-17 15:57:41.667 | INFO     | __main__:<module>:180 - Fin de l'exécution de la page Répartition géographique.
2025-04-17 15:57:42.583 | INFO     | __main__:<module>:16 - Début de la page Streamlit : Taux d'emploi
2025-04-17 15:57:42.584 | DEBUG    | __main__:<module>:23 - Chemin des données StackOverflow : https://minio.lab.sspcloud.fr/amanseur/ensae-mise-en-prod-projet/data/StackOverflowSurvey.csv
2025-04-17 15:57:42.938 | SUCCESS  | __main__:<module>:46 - Fichier de données chargé avec succès.
2025-04-17 15:57:43.029 | INFO     | __main__:<module>:55 - Traduction des labels effectuée.
2025-04-17 15:57:43.092 | INFO     | __main__:<module>:64 - Graphique du taux d'emploi généré avec succès.
2025-04-17 15:57:43.142 | INFO     | __main__:<module>:85 - Fin de l'exécution de la page Taux d'emploi.
2025-04-17 15:57:43.340 | INFO     | __main__:<module>:25 - Début de la page Streamlit : Répartition géographique
2025-04-17 15:57:43.340 | INFO     | __main__:<module>:25 - Début de la page Streamlit : Répartition géographique
2025-04-17 15:57:43.343 | DEBUG    | __main__:<module>:38 - Chemin des données StackOverflow : https://minio.lab.sspcloud.fr/amanseur/ensae-mise-en-prod-projet/data/StackOverflowSurvey.csv
2025-04-17 15:57:43.343 | DEBUG    | __main__:<module>:38 - Chemin des données StackOverflow : https://minio.lab.sspcloud.fr/amanseur/ensae-mise-en-prod-projet/data/StackOverflowSurvey.csv
2025-04-17 15:57:43.349 | DEBUG    | __main__:<module>:39 - Chemin des données pays/langue : https://minio.lab.sspcloud.fr/amanseur/ensae-mise-en-prod-projet/data/CountryLanguageStats.xls
2025-04-17 15:57:43.349 | DEBUG    | __main__:<module>:39 - Chemin des données pays/langue : https://minio.lab.sspcloud.fr/amanseur/ensae-mise-en-prod-projet/data/CountryLanguageStats.xls
2025-04-17 15:57:43.349 | DEBUG    | __main__:<module>:40 - URL des codes ISO : https://www.iban.com/country-codes
2025-04-17 15:57:43.349 | DEBUG    | __main__:<module>:40 - URL des codes ISO : https://www.iban.com/country-codes
2025-04-17 15:57:43.777 | SUCCESS  | __main__:<module>:66 - Données StackOverflow chargées avec succès.
2025-04-17 15:57:43.777 | SUCCESS  | __main__:<module>:66 - Données StackOverflow chargées avec succès.
2025-04-17 15:57:43.919 | INFO     | __main__:<module>:76 - Ajout des codes ISO réussi.
2025-04-17 15:57:43.919 | INFO     | __main__:<module>:76 - Ajout des codes ISO réussi.
2025-04-17 15:57:43.946 | INFO     | __main__:<module>:91 - Tableau de base pour les cartes généré.
2025-04-17 15:57:43.946 | INFO     | __main__:<module>:91 - Tableau de base pour les cartes généré.
2025-04-17 15:57:44.141 | INFO     | __main__:<module>:123 - Ajout des informations de continent effectué.
2025-04-17 15:57:44.141 | INFO     | __main__:<module>:123 - Ajout des informations de continent effectué.
2025-04-17 15:57:44.151 | INFO     | __main__:<module>:137 - Tableau des continents généré.
2025-04-17 15:57:44.151 | INFO     | __main__:<module>:137 - Tableau des continents généré.
2025-04-17 15:57:44.159 | INFO     | __main__:<module>:180 - Fin de l'exécution de la page Répartition géographique.
2025-04-17 15:57:44.159 | INFO     | __main__:<module>:180 - Fin de l'exécution de la page Répartition géographique.
2025-04-18 12:43:35.122 | INFO     | __main__:<module>:25 - Début de la page Streamlit : Répartition géographique
2025-04-18 12:43:35.124 | DEBUG    | __main__:<module>:38 - Chemin des données StackOverflow : https://minio.lab.sspcloud.fr/amanseur/ensae-mise-en-prod-projet/data/StackOverflowSurvey.csv
2025-04-18 12:43:35.125 | DEBUG    | __main__:<module>:39 - Chemin des données pays/langue : https://minio.lab.sspcloud.fr/amanseur/ensae-mise-en-prod-projet/data/CountryLanguageStats.xls
2025-04-18 12:43:35.126 | DEBUG    | __main__:<module>:40 - URL des codes ISO : https://www.iban.com/country-codes
2025-04-18 12:43:35.605 | SUCCESS  | __main__:<module>:66 - Données StackOverflow chargées avec succès.
2025-04-18 12:43:35.864 | INFO     | __main__:<module>:76 - Ajout des codes ISO réussi.
2025-04-18 12:43:35.883 | INFO     | __main__:<module>:91 - Tableau de base pour les cartes généré.
2025-04-18 12:43:36.141 | INFO     | __main__:<module>:123 - Ajout des informations de continent effectué.
2025-04-18 12:43:36.152 | INFO     | __main__:<module>:137 - Tableau des continents généré.
2025-04-18 12:43:36.166 | INFO     | __main__:<module>:180 - Fin de l'exécution de la page Répartition géographique.
2025-04-18 12:43:58.884 | INFO     | __main__:<module>:19 - Début de la page Streamlit : Langages utilisés
2025-04-18 12:43:58.886 | DEBUG    | __main__:<module>:26 - Chemin du fichier StackOverflow récupéré : https://minio.lab.sspcloud.fr/amanseur/ensae-mise-en-prod-projet/data/StackOverflowSurvey.csv
2025-04-18 12:43:59.305 | SUCCESS  | __main__:<module>:51 - Fichier chargé avec succès : https://minio.lab.sspcloud.fr/amanseur/ensae-mise-en-prod-projet/data/StackOverflowSurvey.csv
2025-04-18 12:44:00.862 | INFO     | __main__:<module>:69 - Dataframe des 20 langages les plus utilisés calculé avec succès
2025-04-18 12:44:00.864 | ERROR    | __main__:<module>:88 - Erreur lors de la création du Dataframe : 'list' object has no attribute 'most_common'
2025-04-18 12:44:36.596 | INFO     | __main__:<module>:23 - Début de la page Streamlit : Emplois et variables catégorielles
2025-04-18 12:44:36.599 | DEBUG    | __main__:<module>:31 - Chemin du fichier StackOverflow récupéré : https://minio.lab.sspcloud.fr/amanseur/ensae-mise-en-prod-projet/data/StackOverflowSurvey.csv
2025-04-18 12:44:37.097 | SUCCESS  | __main__:<module>:58 - Fichier chargé avec succès : https://minio.lab.sspcloud.fr/amanseur/ensae-mise-en-prod-projet/data/StackOverflowSurvey.csv
2025-04-18 12:44:37.196 | INFO     | __main__:<module>:69 - Traduction des labels effectuée avec succès
2025-04-18 12:44:37.257 | INFO     | __main__:<module>:84 - Génération des données agrégées effectuée avec succès
2025-04-18 12:44:37.258 | INFO     | __main__:<module>:91 - Début de la génération des graphiques
2025-04-18 12:44:45.328 | INFO     | __main__:<module>:23 - Début de la page Streamlit : Emplois et variables numériques
2025-04-18 12:44:45.330 | DEBUG    | __main__:<module>:30 - Chemin du fichier StackOverflow récupéré : https://minio.lab.sspcloud.fr/amanseur/ensae-mise-en-prod-projet/data/StackOverflowSurvey.csv
2025-04-18 12:44:45.766 | SUCCESS  | __main__:<module>:58 - Fichier chargé avec succès : https://minio.lab.sspcloud.fr/amanseur/ensae-mise-en-prod-projet/data/StackOverflowSurvey.csv
2025-04-18 12:44:46.858 | ERROR    | __main__:<module>:81 - Erreur lors de la création du Dataframe : 'list' object has no attribute 'most_common'
2025-04-18 12:45:58.931 | INFO     | __main__:<module>:19 - Début de la page Streamlit : Langages utilisés
2025-04-18 12:45:58.934 | DEBUG    | __main__:<module>:26 - Chemin du fichier StackOverflow récupéré : https://minio.lab.sspcloud.fr/amanseur/ensae-mise-en-prod-projet/data/StackOverflowSurvey.csv
2025-04-18 12:45:59.361 | SUCCESS  | __main__:<module>:51 - Fichier chargé avec succès : https://minio.lab.sspcloud.fr/amanseur/ensae-mise-en-prod-projet/data/StackOverflowSurvey.csv
2025-04-18 12:46:00.897 | INFO     | __main__:<module>:69 - Dataframe des 20 langages les plus utilisés calculé avec succès
2025-04-18 12:46:00.900 | ERROR    | __main__:<module>:88 - Erreur lors de la création du Dataframe : 'list' object has no attribute 'most_common'
2025-04-18 13:11:03.580 | INFO     | __main__:<module>:25 - Début de la page Streamlit : Répartition géographique
2025-04-18 13:11:03.582 | DEBUG    | __main__:<module>:38 - Chemin des données StackOverflow : https://minio.lab.sspcloud.fr/amanseur/ensae-mise-en-prod-projet/data/StackOverflowSurvey.csv
2025-04-18 13:11:03.583 | DEBUG    | __main__:<module>:39 - Chemin des données pays/langue : https://minio.lab.sspcloud.fr/amanseur/ensae-mise-en-prod-projet/data/CountryLanguageStats.xls
2025-04-18 13:11:03.583 | DEBUG    | __main__:<module>:40 - URL des codes ISO : https://www.iban.com/country-codes
2025-04-18 13:11:04.052 | SUCCESS  | __main__:<module>:66 - Données StackOverflow chargées avec succès.
2025-04-18 13:11:04.342 | INFO     | __main__:<module>:76 - Ajout des codes ISO réussi.
2025-04-18 13:11:04.366 | INFO     | __main__:<module>:91 - Tableau de base pour les cartes généré.
2025-04-18 13:11:04.621 | INFO     | __main__:<module>:123 - Ajout des informations de continent effectué.
2025-04-18 13:11:04.634 | INFO     | __main__:<module>:137 - Tableau des continents généré.
2025-04-18 13:11:04.653 | INFO     | __main__:<module>:180 - Fin de l'exécution de la page Répartition géographique.
2025-04-18 13:11:09.343 | INFO     | __main__:<module>:19 - Début de la page Streamlit : Langages utilisés
2025-04-18 13:11:09.346 | DEBUG    | __main__:<module>:26 - Chemin du fichier StackOverflow récupéré : https://minio.lab.sspcloud.fr/amanseur/ensae-mise-en-prod-projet/data/StackOverflowSurvey.csv
2025-04-18 13:11:09.768 | SUCCESS  | __main__:<module>:51 - Fichier chargé avec succès : https://minio.lab.sspcloud.fr/amanseur/ensae-mise-en-prod-projet/data/StackOverflowSurvey.csv
2025-04-18 13:11:11.901 | INFO     | __main__:<module>:69 - Dataframe des 20 langages les plus utilisés calculé avec succès
2025-04-18 13:11:11.906 | ERROR    | __main__:<module>:88 - Erreur lors de la création du Dataframe : 'list' object has no attribute 'most_common'
2025-04-18 13:11:14.116 | INFO     | __main__:<module>:22 - Début de la page Streamlit : Emplois et variables catégorielles
2025-04-18 13:11:14.120 | DEBUG    | __main__:<module>:30 - Chemin du fichier StackOverflow récupéré : https://minio.lab.sspcloud.fr/amanseur/ensae-mise-en-prod-projet/data/StackOverflowSurvey.csv
2025-04-18 13:11:14.545 | SUCCESS  | __main__:<module>:57 - Fichier chargé avec succès : https://minio.lab.sspcloud.fr/amanseur/ensae-mise-en-prod-projet/data/StackOverflowSurvey.csv
2025-04-18 13:11:14.652 | INFO     | __main__:<module>:68 - Traduction des labels effectuée avec succès
2025-04-18 13:11:14.772 | INFO     | __main__:<module>:83 - Génération des données agrégées effectuée avec succès
2025-04-18 13:11:14.773 | INFO     | __main__:<module>:90 - Début de la génération des graphiques
2025-04-18 13:11:17.034 | INFO     | __main__:<module>:23 - Début de la page Streamlit : Emplois et variables numériques
2025-04-18 13:11:17.036 | DEBUG    | __main__:<module>:30 - Chemin du fichier StackOverflow récupéré : https://minio.lab.sspcloud.fr/amanseur/ensae-mise-en-prod-projet/data/StackOverflowSurvey.csv
2025-04-18 13:11:17.529 | SUCCESS  | __main__:<module>:58 - Fichier chargé avec succès : https://minio.lab.sspcloud.fr/amanseur/ensae-mise-en-prod-projet/data/StackOverflowSurvey.csv
2025-04-18 13:11:19.011 | ERROR    | __main__:<module>:81 - Erreur lors de la création du Dataframe : 'list' object has no attribute 'most_common'
2025-04-18 13:13:27.904 | INFO     | __main__:<module>:25 - Début de la page Streamlit : Répartition géographique
2025-04-18 13:13:27.907 | DEBUG    | __main__:<module>:38 - Chemin des données StackOverflow : https://minio.lab.sspcloud.fr/amanseur/ensae-mise-en-prod-projet/data/StackOverflowSurvey.csv
2025-04-18 13:13:27.908 | DEBUG    | __main__:<module>:39 - Chemin des données pays/langue : https://minio.lab.sspcloud.fr/amanseur/ensae-mise-en-prod-projet/data/CountryLanguageStats.xls
2025-04-18 13:13:27.908 | DEBUG    | __main__:<module>:40 - URL des codes ISO : https://www.iban.com/country-codes
2025-04-18 13:13:28.328 | SUCCESS  | __main__:<module>:66 - Données StackOverflow chargées avec succès.
2025-04-18 13:13:28.518 | INFO     | __main__:<module>:76 - Ajout des codes ISO réussi.
2025-04-18 13:13:28.554 | INFO     | __main__:<module>:91 - Tableau de base pour les cartes généré.
2025-04-18 13:13:28.823 | INFO     | __main__:<module>:123 - Ajout des informations de continent effectué.
2025-04-18 13:13:28.836 | INFO     | __main__:<module>:137 - Tableau des continents généré.
2025-04-18 13:13:28.854 | INFO     | __main__:<module>:180 - Fin de l'exécution de la page Répartition géographique.
2025-04-18 13:13:36.736 | INFO     | __main__:<module>:19 - Début de la page Streamlit : Langages utilisés
2025-04-18 13:13:36.739 | DEBUG    | __main__:<module>:26 - Chemin du fichier StackOverflow récupéré : https://minio.lab.sspcloud.fr/amanseur/ensae-mise-en-prod-projet/data/StackOverflowSurvey.csv
2025-04-18 13:13:37.187 | SUCCESS  | __main__:<module>:51 - Fichier chargé avec succès : https://minio.lab.sspcloud.fr/amanseur/ensae-mise-en-prod-projet/data/StackOverflowSurvey.csv
2025-04-18 13:13:39.205 | INFO     | __main__:<module>:69 - Dataframe des 20 langages les plus utilisés calculé avec succès
2025-04-18 13:13:39.208 | ERROR    | __main__:<module>:88 - Erreur lors de la création du Dataframe : 'list' object has no attribute 'most_common'
2025-04-18 13:13:40.854 | INFO     | __main__:<module>:22 - Début de la page Streamlit : Emplois et variables catégorielles
2025-04-18 13:13:40.856 | DEBUG    | __main__:<module>:30 - Chemin du fichier StackOverflow récupéré : https://minio.lab.sspcloud.fr/amanseur/ensae-mise-en-prod-projet/data/StackOverflowSurvey.csv
2025-04-18 13:13:41.283 | SUCCESS  | __main__:<module>:57 - Fichier chargé avec succès : https://minio.lab.sspcloud.fr/amanseur/ensae-mise-en-prod-projet/data/StackOverflowSurvey.csv
2025-04-18 13:13:41.390 | INFO     | __main__:<module>:68 - Traduction des labels effectuée avec succès
2025-04-18 13:13:41.489 | INFO     | __main__:<module>:83 - Génération des données agrégées effectuée avec succès
2025-04-18 13:13:41.490 | INFO     | __main__:<module>:90 - Début de la génération des graphiques
2025-04-18 13:13:50.569 | INFO     | __main__:<module>:23 - Début de la page Streamlit : Emplois et variables numériques
2025-04-18 13:13:50.572 | DEBUG    | __main__:<module>:30 - Chemin du fichier StackOverflow récupéré : https://minio.lab.sspcloud.fr/amanseur/ensae-mise-en-prod-projet/data/StackOverflowSurvey.csv
2025-04-18 13:13:51.035 | SUCCESS  | __main__:<module>:58 - Fichier chargé avec succès : https://minio.lab.sspcloud.fr/amanseur/ensae-mise-en-prod-projet/data/StackOverflowSurvey.csv
2025-04-18 13:13:52.394 | ERROR    | __main__:<module>:81 - Erreur lors de la création du Dataframe : 'list' object has no attribute 'most_common'
2025-04-18 13:17:22.365 | INFO     | __main__:<module>:19 - Début de la page Streamlit : Langages utilisés
2025-04-18 13:17:22.368 | DEBUG    | __main__:<module>:26 - Chemin du fichier StackOverflow récupéré : https://minio.lab.sspcloud.fr/amanseur/ensae-mise-en-prod-projet/data/StackOverflowSurvey.csv
2025-04-18 13:17:22.771 | SUCCESS  | __main__:<module>:51 - Fichier chargé avec succès : https://minio.lab.sspcloud.fr/amanseur/ensae-mise-en-prod-projet/data/StackOverflowSurvey.csv
2025-04-18 13:17:24.645 | INFO     | __main__:<module>:69 - Dataframe des 20 langages les plus utilisés calculé avec succès
2025-04-18 13:17:24.648 | ERROR    | __main__:<module>:88 - Erreur lors de la création du Dataframe : 'list' object has no attribute 'most_common'
2025-04-18 13:51:51.739 | INFO     | __main__:<module>:25 - Début de la page Streamlit : Répartition géographique
2025-04-18 13:51:51.769 | DEBUG    | __main__:<module>:38 - Chemin des données StackOverflow : https://minio.lab.sspcloud.fr/amanseur/ensae-mise-en-prod-projet/data/StackOverflowSurvey.csv
2025-04-18 13:51:51.780 | DEBUG    | __main__:<module>:39 - Chemin des données pays/langue : https://minio.lab.sspcloud.fr/amanseur/ensae-mise-en-prod-projet/data/CountryLanguageStats.xls
2025-04-18 13:51:51.781 | DEBUG    | __main__:<module>:40 - URL des codes ISO : https://www.iban.com/country-codes
2025-04-18 13:51:51.881 | INFO     | __main__:<module>:55 - Traduction des labels effectuée.
2025-04-18 13:51:52.015 | INFO     | __main__:<module>:64 - Graphique du taux d'emploi généré avec succès.
2025-04-18 13:51:52.723 | SUCCESS  | __main__:<module>:66 - Données StackOverflow chargées avec succès.
2025-04-18 13:51:53.116 | INFO     | __main__:<module>:76 - Ajout des codes ISO réussi.
2025-04-18 13:51:53.181 | INFO     | __main__:<module>:91 - Tableau de base pour les cartes généré.
2025-04-18 13:51:53.602 | INFO     | __main__:<module>:123 - Ajout des informations de continent effectué.
2025-04-18 13:51:53.616 | INFO     | __main__:<module>:137 - Tableau des continents généré.
2025-04-18 13:51:53.692 | INFO     | __main__:<module>:180 - Fin de l'exécution de la page Répartition géographique.
2025-04-18 13:51:56.672 | INFO     | __main__:<module>:19 - Début de la page Streamlit : Langages utilisés
2025-04-18 13:51:56.675 | DEBUG    | __main__:<module>:26 - Chemin du fichier StackOverflow récupéré : https://minio.lab.sspcloud.fr/amanseur/ensae-mise-en-prod-projet/data/StackOverflowSurvey.csv
2025-04-18 13:51:57.201 | SUCCESS  | __main__:<module>:51 - Fichier chargé avec succès : https://minio.lab.sspcloud.fr/amanseur/ensae-mise-en-prod-projet/data/StackOverflowSurvey.csv
2025-04-18 13:52:00.017 | INFO     | __main__:<module>:69 - Dataframe des 20 langages les plus utilisés calculé avec succès
2025-04-18 13:52:00.020 | ERROR    | __main__:<module>:88 - Erreur lors de la création du Dataframe : 'list' object has no attribute 'most_common'
2025-04-18 13:52:01.282 | INFO     | __main__:<module>:22 - Début de la page Streamlit : Emplois et variables catégorielles
2025-04-18 13:52:01.284 | DEBUG    | __main__:<module>:30 - Chemin du fichier StackOverflow récupéré : https://minio.lab.sspcloud.fr/amanseur/ensae-mise-en-prod-projet/data/StackOverflowSurvey.csv
2025-04-18 13:52:01.972 | SUCCESS  | __main__:<module>:57 - Fichier chargé avec succès : https://minio.lab.sspcloud.fr/amanseur/ensae-mise-en-prod-projet/data/StackOverflowSurvey.csv
2025-04-18 13:52:02.133 | INFO     | __main__:<module>:68 - Traduction des labels effectuée avec succès
2025-04-18 13:52:02.232 | INFO     | __main__:<module>:83 - Génération des données agrégées effectuée avec succès
2025-04-18 13:52:02.233 | INFO     | __main__:<module>:90 - Début de la génération des graphiques
2025-04-18 13:52:04.097 | INFO     | __main__:<module>:23 - Début de la page Streamlit : Emplois et variables numériques
2025-04-18 13:52:04.101 | DEBUG    | __main__:<module>:30 - Chemin du fichier StackOverflow récupéré : https://minio.lab.sspcloud.fr/amanseur/ensae-mise-en-prod-projet/data/StackOverflowSurvey.csv
2025-04-18 13:52:04.755 | SUCCESS  | __main__:<module>:58 - Fichier chargé avec succès : https://minio.lab.sspcloud.fr/amanseur/ensae-mise-en-prod-projet/data/StackOverflowSurvey.csv
2025-04-18 13:52:06.490 | ERROR    | __main__:<module>:81 - Erreur lors de la création du Dataframe : 'list' object has no attribute 'most_common'
